2024-09-19 06:30:53
此文件绝密, 不可泄漏! 2024-09-19 06:30:53
服务器证书库密码: /CN4rd0L
服务器key密码: /CN4rd0L
客户端证书库密码: leoai8Xw
客户端key密码: leoai8Xw
Java证书工具: /usr/local/java/jdk-11.0.12/bin/keytool
证书创建时间: 2024-09-19
证书有效期天: 365
服务器 DN: C=CN,ST=SH,L=SH,O=mapaware,OU=dev,CN=mapaware.top
客户端 DN: C=CN,ST=SH,L=SH,O=mapaware,OU=dev,CN=mapaware.top
服务器证书库(JKS)名称: server.keystore
服务器证书库别名: server
服务器信任证书库名称: server_trust.keystore
服务器信任证书库别名: server_trust
客户端证书库名称: client_keystore.p12
客户端证书库别名: client
客户端信任证书库名称: client_trust.keystore
客户端信任证书库别名: client_trust
客户端 PEM 证书库: client_keystore.p12.pem
服务器公钥证书: server_pub.cer
客户端公钥证书: client_pub.cer
